[0m2021.06.08 18:48:54 INFO  Started: Metals version 0.10.4 in workspace 'C:\Users\bhath\Desktop\udaras project\udaras-project' for client Visual Studio Code 1.56.2.[0m
[0m2021.06.08 18:48:57 INFO  time: initialize in 2.81s[0m
[0m2021.06.08 18:48:57 WARN  Build server is not auto-connectable.[0m
[0m2021.06.08 18:48:57 WARN  no build tool detected in workspace 'C:\Users\bhath\Desktop\udaras project\udaras-project'. The most common cause for this problem is that the editor was opened in the wrong working directory, for example if you use sbt then the workspace directory should contain build.sbt. [0m
[0m2021.06.08 19:58:51 INFO  shutting down Metals[0m
[0m2021.06.08 20:02:18 INFO  Started: Metals version 0.10.4 in workspace 'C:\Users\bhath\Desktop\udaras project\udaras-project' for client Visual Studio Code 1.56.2.[0m
[0m2021.06.08 20:02:25 INFO  time: initialize in 7.11s[0m
[0m2021.06.08 20:02:26 WARN  Build server is not auto-connectable.[0m
[0m2021.06.08 20:02:26 WARN  no build tool detected in workspace 'C:\Users\bhath\Desktop\udaras project\udaras-project'. The most common cause for this problem is that the editor was opened in the wrong working directory, for example if you use sbt then the workspace directory should contain build.sbt. [0m
Jun 08, 2021 10:45:50 PM org.eclipse.lsp4j.jsonrpc.services.GenericEndpoint notify
INFO: Unsupported notification method: $/setTrace
Jun 08, 2021 10:45:54 PM org.eclipse.lsp4j.jsonrpc.services.GenericEndpoint notify
INFO: Unsupported notification method: $/setTrace
Jun 08, 2021 10:45:54 PM org.eclipse.lsp4j.jsonrpc.services.GenericEndpoint notify
INFO: Unsupported notification method: $/setTrace
Jun 08, 2021 10:46:43 PM org.eclipse.lsp4j.jsonrpc.services.GenericEndpoint notify
INFO: Unsupported notification method: $/setTrace
Jun 08, 2021 11:01:49 PM org.eclipse.lsp4j.jsonrpc.services.GenericEndpoint notify
INFO: Unsupported notification method: $/setTrace
Jun 08, 2021 11:08:19 PM org.eclipse.lsp4j.jsonrpc.services.GenericEndpoint notify
INFO: Unsupported notification method: $/setTrace
[0m2021.06.08 23:37:32 INFO  shutting down Metals[0m
[0m2021.06.09 00:15:07 INFO  Started: Metals version 0.10.4 in workspace 'C:\Users\bhath\Desktop\udaras project\udaras-project' for client Visual Studio Code 1.56.2.[0m
[0m2021.06.09 00:15:32 INFO  time: initialize in 25s[0m
[0m2021.06.09 00:15:32 WARN  Build server is not auto-connectable.[0m
[0m2021.06.09 00:15:32 WARN  no build tool detected in workspace 'C:\Users\bhath\Desktop\udaras project\udaras-project'. The most common cause for this problem is that the editor was opened in the wrong working directory, for example if you use sbt then the workspace directory should contain build.sbt. [0m
